tiposSystem/build/intermediates/manifest_merge_blame_file/release/manifest-merger-blame-release-report.txt
1<?xml version="1.0" encoding="utf-8"?>
2<manifest xmlns:android="http://schemas.android.com/apk/res/android"
3    package="kr.co.tipos.tips"
4    android:versionCode="56"
5    android:versionName="23.03.02" >
6
7    <uses-sdk
8        android:minSdkVersion="16"
8-->src\main\AndroidManifest.xml
9        android:targetSdkVersion="29" />
9-->src\main\AndroidManifest.xml
10    <!-- <uses-permission android:name="android.permission.SEND_SMS" /> -->
11    <uses-permission android:name="android.permission.READ_PHONE_STATE" />
11-->src\main\AndroidManifest.xml:8:5-75
11-->src\main\AndroidManifest.xml:8:22-72
12    <uses-permission android:name="android.permission.ACCESS_NETWORK_STATE" />
12-->src\main\AndroidManifest.xml:9:5-79
12-->src\main\AndroidManifest.xml:9:22-76
13    <uses-permission android:name="android.permission.CAMERA" />
13-->src\main\AndroidManifest.xml:10:5-65
13-->src\main\AndroidManifest.xml:10:22-62
14    <uses-permission android:name="android.permission.INTERNET" />
14-->src\main\AndroidManifest.xml:11:5-67
14-->src\main\AndroidManifest.xml:11:22-64
15    <!--
16<uses-permission android:name="android.permission.CALL_PHONE" />
17    <uses-permission android:name="android.permission.DIAL_PHONE" />
18    -->
19    <uses-feature android:name="android.hardware.camera" />
19-->src\main\AndroidManifest.xml:16:5-60
19-->src\main\AndroidManifest.xml:16:19-57
20
21    <uses-permission android:name="android.permission.VIBRATE" />
21-->src\main\AndroidManifest.xml:18:5-66
21-->src\main\AndroidManifest.xml:18:22-63
22    <uses-permission android:name="android.permission.WRITE_EXTERNAL_STORAGE" />
22-->src\main\AndroidManifest.xml:19:5-81
22-->src\main\AndroidManifest.xml:19:22-78
23    <uses-permission android:name="android.permission.BLUETOOTH_ADMIN" />
23-->src\main\AndroidManifest.xml:20:5-74
23-->src\main\AndroidManifest.xml:20:22-71
24    <uses-permission android:name="android.permission.BLUETOOTH" />
24-->src\main\AndroidManifest.xml:21:5-68
24-->src\main\AndroidManifest.xml:21:22-65
25    <uses-permission android:name="android.permission.GET_TASKS" />
25-->src\main\AndroidManifest.xml:22:5-68
25-->src\main\AndroidManifest.xml:22:22-65
26    <uses-permission android:name="android.permission.WRITE_SETTINGS" />
26-->src\main\AndroidManifest.xml:23:5-73
26-->src\main\AndroidManifest.xml:23:22-70
27
28    <application
28-->src\main\AndroidManifest.xml:25:5-651:19
29        android:allowBackup="true"
29-->src\main\AndroidManifest.xml:26:9-35
30        android:icon="@drawable/ic_launcher"
30-->src\main\AndroidManifest.xml:27:9-45
31        android:label="@string/app_name"
31-->src\main\AndroidManifest.xml:28:9-41
32        android:theme="@style/AppSpinnerTheme" >
32-->src\main\AndroidManifest.xml:29:9-47
33        <activity
33-->src\main\AndroidManifest.xml:30:9-32:40
34            android:name="tipsystem.tips.ShopRebootActivity"
34-->src\main\AndroidManifest.xml:31:13-61
35            android:exported="false" />
35-->src\main\AndroidManifest.xml:32:13-37
36        <activity
36-->src\main\AndroidManifest.xml:33:9-35:40
37            android:name="tipsystem.tips.ManageSalePosActivity"
37-->src\main\AndroidManifest.xml:34:13-64
38            android:exported="false" />
38-->src\main\AndroidManifest.xml:35:13-37
39        <activity
39-->src\main\AndroidManifest.xml:36:9-39:73
40            android:name="tipsystem.tips.SalesReceiptActivity"
40-->src\main\AndroidManifest.xml:37:13-63
41            android:exported="false"
41-->src\main\AndroidManifest.xml:38:13-37
42            android:windowSoftInputMode="stateAlwaysHidden|adjustPan" />
42-->src\main\AndroidManifest.xml:39:13-70
43        <activity
43-->src\main\AndroidManifest.xml:40:9-42:40
44            android:name="tipsystem.tips.SalesDateActivity"
44-->src\main\AndroidManifest.xml:41:13-60
45            android:exported="false" />
45-->src\main\AndroidManifest.xml:42:13-37
46        <activity
46-->src\main\AndroidManifest.xml:43:9-45:40
47            android:name="tipsystem.tips.ManageRealSaleMainActivity"
47-->src\main\AndroidManifest.xml:44:13-69
48            android:exported="false" />
48-->src\main\AndroidManifest.xml:45:13-37
49        <activity
49-->src\main\AndroidManifest.xml:46:9-48:40
50            android:name="tipsystem.tips.RealSaleMainActivity"
50-->src\main\AndroidManifest.xml:47:13-63
51            android:exported="false" />
51-->src\main\AndroidManifest.xml:48:13-37
52        <activity
52-->src\main\AndroidManifest.xml:49:9-51:40
53            android:name="tipsystem.tips.SalesSlipDetailActivity"
53-->src\main\AndroidManifest.xml:50:13-66
54            android:exported="false" />
54-->src\main\AndroidManifest.xml:51:13-37
55        <activity
55-->src\main\AndroidManifest.xml:52:9-54:40
56            android:name="tipsystem.tips.SalesSlipActivity"
56-->src\main\AndroidManifest.xml:53:13-60
57            android:exported="false" />
57-->src\main\AndroidManifest.xml:54:13-37
58        <activity
58-->src\main\AndroidManifest.xml:55:9-57:40
59            android:name="tipsystem.tips.SalesShopActivity"
59-->src\main\AndroidManifest.xml:56:13-60
60            android:exported="false" />
60-->src\main\AndroidManifest.xml:57:13-37
61        <activity
61-->src\main\AndroidManifest.xml:58:9-60:40
62            android:name="tipsystem.tips.MobilePinterTestActivity"
62-->src\main\AndroidManifest.xml:59:13-67
63            android:exported="false" />
63-->src\main\AndroidManifest.xml:60:13-37
64        <activity
64-->src\main\AndroidManifest.xml:61:9-63:40
65            android:name="tipsystem.tips.ManageEventMenuActivity"
65-->src\main\AndroidManifest.xml:62:13-66
66            android:exported="false" />
66-->src\main\AndroidManifest.xml:63:13-37
67        <activity
67-->src\main\AndroidManifest.xml:64:9-66:73
68            android:name="tipsystem.tips.SaleMessageRegistActivity"
68-->src\main\AndroidManifest.xml:65:13-68
69            android:windowSoftInputMode="stateAlwaysHidden|adjustPan" />
69-->src\main\AndroidManifest.xml:66:13-70
70        <activity
70-->src\main\AndroidManifest.xml:67:9-69:73
71            android:name="tipsystem.tips.HotKeyScaleRegistActivity"
71-->src\main\AndroidManifest.xml:68:13-68
72            android:windowSoftInputMode="stateAlwaysHidden|adjustPan" />
72-->src\main\AndroidManifest.xml:69:13-70
73        <activity
73-->src\main\AndroidManifest.xml:70:9-72:73
74            android:name="tipsystem.tips.HotKeyRegistActivity"
74-->src\main\AndroidManifest.xml:71:13-63
75            android:windowSoftInputMode="stateAlwaysHidden|adjustPan" />
75-->src\main\AndroidManifest.xml:72:13-70
76        <activity android:name="tipsystem.tips.CheckRegistActivity" />
76-->src\main\AndroidManifest.xml:73:9-71
76-->src\main\AndroidManifest.xml:73:19-68
77        <activity
77-->src\main\AndroidManifest.xml:74:9-83:20
78            android:name="tipsystem.tips.TIPSSplashActivity"
78-->src\main\AndroidManifest.xml:75:13-61
79            android:label="@string/app_name"
79-->src\main\AndroidManifest.xml:76:13-45
80            android:theme="@android:style/Theme.NoTitleBar.Fullscreen" >
80-->src\main\AndroidManifest.xml:77:13-71
81            <intent-filter>
81-->src\main\AndroidManifest.xml:78:13-82:29
82                <action android:name="android.intent.action.MAIN" />
82-->src\main\AndroidManifest.xml:79:17-69
82-->src\main\AndroidManifest.xml:79:25-66
83
84                <category android:name="android.intent.category.LAUNCHER" />
84-->src\main\AndroidManifest.xml:81:17-77
84-->src\main\AndroidManifest.xml:81:27-74
85            </intent-filter>
86        </activity>
87        <activity
87-->src\main\AndroidManifest.xml:84:9-86:53
88            android:name="com.dm.zbar.android.scanner.ZBarScannerActivity"
88-->src\main\AndroidManifest.xml:85:13-75
89            android:label="@string/app_name"
89-->[:zBarScannerActivity] AndroidManifest.xml:20:13-45
90            android:screenOrientation="landscape" />
90-->src\main\AndroidManifest.xml:86:13-50
91        <activity
91-->src\main\AndroidManifest.xml:87:9-89:52
92            android:name="tipsystem.tips.LoginActivity"
92-->src\main\AndroidManifest.xml:88:13-56
93            android:screenOrientation="portrait" />
93-->src\main\AndroidManifest.xml:89:13-49
94        <activity
94-->src\main\AndroidManifest.xml:90:9-94:73
95            android:name="tipsystem.tips.MainActivity"
95-->src\main\AndroidManifest.xml:91:13-55
96            android:label="인증"
96-->src\main\AndroidManifest.xml:92:13-31
97            android:screenOrientation="portrait"
97-->src\main\AndroidManifest.xml:93:13-49
98            android:windowSoftInputMode="stateAlwaysHidden|adjustPan" /> <!-- 키보드 입력창 안보임 -->
98-->src\main\AndroidManifest.xml:94:13-70
99        <activity
99-->src\main\AndroidManifest.xml:95:9-102:20
100            android:name="tipsystem.tips.MainMenuActivity"
100-->src\main\AndroidManifest.xml:96:13-59
101            android:label="메인메뉴"
101-->src\main\AndroidManifest.xml:97:13-33
102            android:screenOrientation="portrait" >
102-->src\main\AndroidManifest.xml:98:13-49
103            <meta-data
103-->src\main\AndroidManifest.xml:99:13-101:63
104                android:name="android.support.PARENT_ACTIVITY"
104-->src\main\AndroidManifest.xml:100:17-63
105                android:value="tipsystem.tips.MainActivity" />
105-->src\main\AndroidManifest.xml:101:17-60
106        </activity> <!-- **************************************** -->
107        <!-- 기본관리 메인페이지 -->
108        <!-- **************************************** -->
109        <activity
109-->src\main\AndroidManifest.xml:105:9-108:52
110            android:name="tipsystem.tips.ManageCodeActivity"
110-->src\main\AndroidManifest.xml:106:13-61
111            android:label="기본관리"
111-->src\main\AndroidManifest.xml:107:13-33
112            android:screenOrientation="portrait" />
112-->src\main\AndroidManifest.xml:108:13-49
113        <activity
113-->src\main\AndroidManifest.xml:109:9-117:20
114            android:name="tipsystem.tips.ManageProductActivityModfiy"
114-->src\main\AndroidManifest.xml:110:13-70
115            android:label="상품관리"
115-->src\main\AndroidManifest.xml:111:13-33
116            android:screenOrientation="portrait"
116-->src\main\AndroidManifest.xml:112:13-49
117            android:windowSoftInputMode="stateAlwaysHidden|adjustPan" >
117-->src\main\AndroidManifest.xml:113:13-70
118            <meta-data
118-->src\main\AndroidManifest.xml:99:13-101:63
119                android:name="android.support.PARENT_ACTIVITY"
119-->src\main\AndroidManifest.xml:100:17-63
120                android:value="tipsystem.tips.ManageProductActivity" />
120-->src\main\AndroidManifest.xml:101:17-60
121        </activity>
122        <activity
122-->src\main\AndroidManifest.xml:118:9-126:20
123            android:name="tipsystem.tips.ManageCustomerActivity"
123-->src\main\AndroidManifest.xml:119:13-65
124            android:label="거래처관리"
124-->src\main\AndroidManifest.xml:120:13-34
125            android:screenOrientation="portrait"
125-->src\main\AndroidManifest.xml:121:13-49
126            android:windowSoftInputMode="adjustPan" >
126-->src\main\AndroidManifest.xml:122:13-52
127            <meta-data
127-->src\main\AndroidManifest.xml:99:13-101:63
128                android:name="android.support.PARENT_ACTIVITY"
128-->src\main\AndroidManifest.xml:100:17-63
129                android:value="tipsystem.tips.ManageCodeActivity" />
129-->src\main\AndroidManifest.xml:101:17-60
130        </activity>
131        <activity
131-->src\main\AndroidManifest.xml:127:9-135:20
132            android:name="tipsystem.tips.ComparePriceActivity"
132-->src\main\AndroidManifest.xml:128:13-63
133            android:label="가격비교"
133-->src\main\AndroidManifest.xml:129:13-33
134            android:screenOrientation="portrait"
134-->src\main\AndroidManifest.xml:130:13-49
135            android:windowSoftInputMode="stateAlwaysHidden|adjustPan" >
135-->src\main\AndroidManifest.xml:131:13-70
136            <meta-data
136-->src\main\AndroidManifest.xml:99:13-101:63
137                android:name="android.support.PARENT_ACTIVITY"
137-->src\main\AndroidManifest.xml:100:17-63
138                android:value="tipsystem.tips.ManageCodeActivity" />
138-->src\main\AndroidManifest.xml:101:17-60
139        </activity>
140        <activity
140-->src\main\AndroidManifest.xml:136:9-144:20
141            android:name="tipsystem.tips.BarcodePrinterActivity"
141-->src\main\AndroidManifest.xml:137:13-65
142            android:label="바코드발행관리"
142-->src\main\AndroidManifest.xml:138:13-36
143            android:screenOrientation="portrait"
143-->src\main\AndroidManifest.xml:139:13-49
144            android:windowSoftInputMode="adjustPan" >
144-->src\main\AndroidManifest.xml:140:13-52
145            <meta-data
145-->src\main\AndroidManifest.xml:99:13-101:63
146                android:name="android.support.PARENT_ACTIVITY"
146-->src\main\AndroidManifest.xml:100:17-63
147                android:value="tipsystem.tips.ManageCodeActivity" />
147-->src\main\AndroidManifest.xml:101:17-60
148        </activity>
149        <activity
149-->src\main\AndroidManifest.xml:145:9-154:20
150            android:name="tipsystem.tips.ManageImageFtpActivity_local"
150-->src\main\AndroidManifest.xml:146:13-71
151            android:configChanges="keyboardHidden|orientation|screenSize"
151-->src\main\AndroidManifest.xml:147:13-74
152            android:label="이미지FTP전송"
152-->src\main\AndroidManifest.xml:148:13-37
153            android:screenOrientation="portrait"
153-->src\main\AndroidManifest.xml:149:13-49
154            android:windowSoftInputMode="adjustPan" >
154-->src\main\AndroidManifest.xml:150:13-52
155            <meta-data
155-->src\main\AndroidManifest.xml:99:13-101:63
156                android:name="android.support.PARENT_ACTIVITY"
156-->src\main\AndroidManifest.xml:100:17-63
157                android:value="tipsystem.tips.ManageCodeActivity" />
157-->src\main\AndroidManifest.xml:101:17-60
158        </activity>
159        <activity
159-->src\main\AndroidManifest.xml:155:9-164:20
160            android:name="tipsystem.tips.ManageImageFtpActivity"
160-->src\main\AndroidManifest.xml:156:13-65
161            android:configChanges="keyboardHidden|orientation|screenSize"
161-->src\main\AndroidManifest.xml:157:13-74
162            android:label="쇼핑몰이미지관리"
162-->src\main\AndroidManifest.xml:158:13-37
163            android:screenOrientation="portrait"
163-->src\main\AndroidManifest.xml:159:13-49
164            android:windowSoftInputMode="adjustPan" >
164-->src\main\AndroidManifest.xml:160:13-52
165            <meta-data
165-->src\main\AndroidManifest.xml:99:13-101:63
166                android:name="android.support.PARENT_ACTIVITY"
166-->src\main\AndroidManifest.xml:100:17-63
167                android:value="tipsystem.tips.ManageCodeActivity" />
167-->src\main\AndroidManifest.xml:101:17-60
168        </activity> <!-- **************************************** -->
169        <!-- 매출분석 메인페이지 -->
170        <!-- **************************************** -->
171        <activity
171-->src\main\AndroidManifest.xml:167:9-174:20
172            android:name="tipsystem.tips.ManageSaleMainActivity"
172-->src\main\AndroidManifest.xml:168:13-65
173            android:label="매출분석"
173-->src\main\AndroidManifest.xml:169:13-33
174            android:screenOrientation="portrait" >
174-->src\main\AndroidManifest.xml:170:13-49
175            <meta-data
175-->src\main\AndroidManifest.xml:99:13-101:63
176                android:name="android.support.PARENT_ACTIVITY"
176-->src\main\AndroidManifest.xml:100:17-63
177                android:value="tipsystem.tips.MainMenuActivity" />
177-->src\main\AndroidManifest.xml:101:17-60
178        </activity>
179        <activity
179-->src\main\AndroidManifest.xml:175:9-183:20
180            android:name="tipsystem.tips.ManageSale_CustomersActivity"
180-->src\main\AndroidManifest.xml:176:13-71
181            android:label="거래처별분석"
181-->src\main\AndroidManifest.xml:177:13-35
182            android:screenOrientation="portrait"
182-->src\main\AndroidManifest.xml:178:13-49
183            android:windowSoftInputMode="stateHidden" >
183-->src\main\AndroidManifest.xml:179:13-54
184            <meta-data
184-->src\main\AndroidManifest.xml:99:13-101:63
185                android:name="android.support.PARENT_ACTIVITY"
185-->src\main\AndroidManifest.xml:100:17-63
186                android:value="tipsystem.tips.ManageSaleMainActivity" />
186-->src\main\AndroidManifest.xml:101:17-60
187        </activity>
188        <activity
188-->src\main\AndroidManifest.xml:184:9-191:20
189            android:name="tipsystem.tips.ManageSalesActivity"
189-->src\main\AndroidManifest.xml:185:13-62
190            android:label="거래처별매출분석2"
190-->src\main\AndroidManifest.xml:186:13-38
191            android:screenOrientation="portrait" >
191-->src\main\AndroidManifest.xml:187:13-49
192            <meta-data
192-->src\main\AndroidManifest.xml:99:13-101:63
193                android:name="android.support.PARENT_ACTIVITY"
193-->src\main\AndroidManifest.xml:100:17-63
194                android:value="tipsystem.tips.ManageSaleMainActivity" />
194-->src\main\AndroidManifest.xml:101:17-60
195        </activity>
196        <activity
196-->src\main\AndroidManifest.xml:192:9-200:20
197            android:name="tipsystem.tips.ManageSale_CategoriActivity"
197-->src\main\AndroidManifest.xml:193:13-70
198            android:label="분류별분석"
198-->src\main\AndroidManifest.xml:194:13-34
199            android:screenOrientation="portrait"
199-->src\main\AndroidManifest.xml:195:13-49
200            android:windowSoftInputMode="stateHidden" >
200-->src\main\AndroidManifest.xml:196:13-54
201            <meta-data
201-->src\main\AndroidManifest.xml:99:13-101:63
202                android:name="android.support.PARENT_ACTIVITY"
202-->src\main\AndroidManifest.xml:100:17-63
203                android:value="tipsystem.tips.ManageSaleMainActivity" />
203-->src\main\AndroidManifest.xml:101:17-60
204        </activity>
205        <activity
205-->src\main\AndroidManifest.xml:201:9-209:20
206            android:name="tipsystem.tips.ManageSaleProductActivity"
206-->src\main\AndroidManifest.xml:202:13-68
207            android:label="상품별분석"
207-->src\main\AndroidManifest.xml:203:13-34
208            android:screenOrientation="portrait"
208-->src\main\AndroidManifest.xml:204:13-49
209            android:windowSoftInputMode="stateHidden" >
209-->src\main\AndroidManifest.xml:205:13-54
210            <meta-data
210-->src\main\AndroidManifest.xml:99:13-101:63
211                android:name="android.support.PARENT_ACTIVITY"
211-->src\main\AndroidManifest.xml:100:17-63
212                android:value="tipsystem.tips.ManageSaleMainActivity" />
212-->src\main\AndroidManifest.xml:101:17-60
213        </activity>
214        <activity
214-->src\main\AndroidManifest.xml:210:9-218:20
215            android:name="tipsystem.tips.ManageSaleCommissionActivity"
215-->src\main\AndroidManifest.xml:211:13-71
216            android:label="수수료매출분석"
216-->src\main\AndroidManifest.xml:212:13-36
217            android:screenOrientation="portrait"
217-->src\main\AndroidManifest.xml:213:13-49
218            android:windowSoftInputMode="stateHidden" >
218-->src\main\AndroidManifest.xml:214:13-54
219            <meta-data
219-->src\main\AndroidManifest.xml:99:13-101:63
220                android:name="android.support.PARENT_ACTIVITY"
220-->src\main\AndroidManifest.xml:100:17-63
221                android:value="tipsystem.tips.ManageSaleMainActivity" />
221-->src\main\AndroidManifest.xml:101:17-60
222        </activity>
223        <activity
223-->src\main\AndroidManifest.xml:219:9-222:52
224            android:name="tipsystem.tips.ManageSaleCommissionDetailActivity"
224-->src\main\AndroidManifest.xml:220:13-77
225            android:label="수수료매출분석상세"
225-->src\main\AndroidManifest.xml:221:13-38
226            android:screenOrientation="portrait" />
226-->src\main\AndroidManifest.xml:222:13-49
227        <activity
227-->src\main\AndroidManifest.xml:223:9-230:20
228            android:name="tipsystem.tips.ManageSalesCalendarActivity"
228-->src\main\AndroidManifest.xml:224:13-70
229            android:label="달력매출분석"
229-->src\main\AndroidManifest.xml:225:13-35
230            android:screenOrientation="portrait" >
230-->src\main\AndroidManifest.xml:226:13-49
231            <meta-data
231-->src\main\AndroidManifest.xml:99:13-101:63
232                android:name="android.support.PARENT_ACTIVITY"
232-->src\main\AndroidManifest.xml:100:17-63
233                android:value="tipsystem.tips.ManageSalesActivity" />
233-->src\main\AndroidManifest.xml:101:17-60
234        </activity> <!-- 매출관리 끝 -->
235        <!-- **************************************** -->
236        <!-- 신규 매입등록 화면 -->
237        <!-- **************************************** -->
238        <activity
238-->src\main\AndroidManifest.xml:234:9-241:20
239            android:name="tipsystem.tips.ManagePurchaseActivity1_new"
239-->src\main\AndroidManifest.xml:235:13-70
240            android:label="매입관리"
240-->src\main\AndroidManifest.xml:236:13-33
241            android:screenOrientation="portrait" >
241-->src\main\AndroidManifest.xml:237:13-49
242            <meta-data
242-->src\main\AndroidManifest.xml:99:13-101:63
243                android:name="android.support.PARENT_ACTIVITY"
243-->src\main\AndroidManifest.xml:100:17-63
244                android:value="tipsystem.tips.MainMenuActivity" />
244-->src\main\AndroidManifest.xml:101:17-60
245        </activity>
246        <activity
246-->src\main\AndroidManifest.xml:242:9-245:52
247            android:name="tipsystem.tips.ManagePurchaseActivity2_new"
247-->src\main\AndroidManifest.xml:243:13-70
248            android:label="매입등록"
248-->src\main\AndroidManifest.xml:244:13-33
249            android:screenOrientation="portrait" />
249-->src\main\AndroidManifest.xml:245:13-49
250        <activity
250-->src\main\AndroidManifest.xml:246:9-249:52
251            android:name="tipsystem.tips.PurchaseListActivity1_new"
251-->src\main\AndroidManifest.xml:247:13-68
252            android:label="매입전표목록"
252-->src\main\AndroidManifest.xml:248:13-35
253            android:screenOrientation="portrait" />
253-->src\main\AndroidManifest.xml:249:13-49
254        <activity
254-->src\main\AndroidManifest.xml:250:9-257:20
255            android:name="tipsystem.tips.PurchaseListActivity"
255-->src\main\AndroidManifest.xml:251:13-63
256            android:label="매입전표상세"
256-->src\main\AndroidManifest.xml:252:13-35
257            android:screenOrientation="portrait" >
257-->src\main\AndroidManifest.xml:253:13-49
258            <meta-data
258-->src\main\AndroidManifest.xml:99:13-101:63
259                android:name="android.support.PARENT_ACTIVITY"
259-->src\main\AndroidManifest.xml:100:17-63
260                android:value="tipsystem.tips.ManagePurchaseActivity" />
260-->src\main\AndroidManifest.xml:101:17-60
261        </activity>
262        <activity
262-->src\main\AndroidManifest.xml:258:9-265:20
263            android:name="tipsystem.tips.PurchasePaymentStatusActivity"
263-->src\main\AndroidManifest.xml:259:13-72
264            android:label="매입/대금결제현황"
264-->src\main\AndroidManifest.xml:260:13-38
265            android:screenOrientation="portrait" >
265-->src\main\AndroidManifest.xml:261:13-49
266            <meta-data
266-->src\main\AndroidManifest.xml:99:13-101:63
267                android:name="android.support.PARENT_ACTIVITY"
267-->src\main\AndroidManifest.xml:100:17-63
268                android:value="tipsystem.tips.ManagePurchaseActivity" />
268-->src\main\AndroidManifest.xml:101:17-60
269        </activity>
270        <activity
270-->src\main\AndroidManifest.xml:266:9-269:52
271            android:name="tipsystem.tips.CheckListActivity"
271-->src\main\AndroidManifest.xml:267:13-60
272            android:label="검수등록"
272-->src\main\AndroidManifest.xml:268:13-33
273            android:screenOrientation="portrait" />
273-->src\main\AndroidManifest.xml:269:13-49
274        <activity
274-->src\main\AndroidManifest.xml:270:9-274:55
275            android:name="tipsystem.tips.PurchaseRegistActivity1_new"
275-->src\main\AndroidManifest.xml:271:13-70
276            android:label="매입등록"
276-->src\main\AndroidManifest.xml:272:13-33
277            android:screenOrientation="portrait"
277-->src\main\AndroidManifest.xml:273:13-49
278            android:windowSoftInputMode="adjustPan" />
278-->src\main\AndroidManifest.xml:274:13-52
279        <activity
279-->src\main\AndroidManifest.xml:275:9-279:55
280            android:name="tipsystem.tips.PurchaseListActivity3_new"
280-->src\main\AndroidManifest.xml:276:13-68
281            android:label="매입미전송목록"
281-->src\main\AndroidManifest.xml:277:13-36
282            android:screenOrientation="portrait"
282-->src\main\AndroidManifest.xml:278:13-49
283            android:windowSoftInputMode="adjustPan" />
283-->src\main\AndroidManifest.xml:279:13-52
284        <activity
284-->src\main\AndroidManifest.xml:280:9-283:52
285            android:name="tipsystem.tips.PurchaseListActivity2_new"
285-->src\main\AndroidManifest.xml:281:13-68
286            android:label="매입전송목록"
286-->src\main\AndroidManifest.xml:282:13-35
287            android:screenOrientation="portrait" /> <!-- 신규 매입등록 끝 -->
287-->src\main\AndroidManifest.xml:283:13-49
288        <!-- **************************************** -->
289        <!-- 재고관리 -->
290        <!-- **************************************** -->
291        <activity
291-->src\main\AndroidManifest.xml:287:9-294:20
292            android:name="tipsystem.tips.ManageStockActivity"
292-->src\main\AndroidManifest.xml:288:13-62
293            android:label="재고관리"
293-->src\main\AndroidManifest.xml:289:13-33
294            android:screenOrientation="portrait" >
294-->src\main\AndroidManifest.xml:290:13-49
295            <meta-data
295-->src\main\AndroidManifest.xml:99:13-101:63
296                android:name="android.support.PARENT_ACTIVITY"
296-->src\main\AndroidManifest.xml:100:17-63
297                android:value="tipsystem.tips.MainMenuActivity" />
297-->src\main\AndroidManifest.xml:101:17-60
298        </activity> <!-- **************************************** -->
299        <!-- 발주관리 페이지 -->
300        <!-- **************************************** -->
301        <activity
301-->src\main\AndroidManifest.xml:297:9-305:20
302            android:name="tipsystem.tips.ManageBaljuRegActivity"
302-->src\main\AndroidManifest.xml:298:13-65
303            android:label="발주목록"
303-->src\main\AndroidManifest.xml:299:13-33
304            android:screenOrientation="portrait"
304-->src\main\AndroidManifest.xml:300:13-49
305            android:windowSoftInputMode="stateAlwaysVisible|adjustPan" >
305-->src\main\AndroidManifest.xml:301:13-71
306            <meta-data
306-->src\main\AndroidManifest.xml:99:13-101:63
307                android:name="android.support.PARENT_ACTIVITY"
307-->src\main\AndroidManifest.xml:100:17-63
308                android:value="tipsystem.tips.ManageBaljuRegActivity" />
308-->src\main\AndroidManifest.xml:101:17-60
309        </activity>
310        <activity
310-->src\main\AndroidManifest.xml:306:9-313:20
311            android:name="tipsystem.tips.ManageBaljuDetailActivity"
311-->src\main\AndroidManifest.xml:307:13-68
312            android:screenOrientation="portrait"
312-->src\main\AndroidManifest.xml:308:13-49
313            android:windowSoftInputMode="stateHidden" >
313-->src\main\AndroidManifest.xml:309:13-54
314            <meta-data
314-->src\main\AndroidManifest.xml:99:13-101:63
315                android:name="android.support.PARENT_ACTIVITY"
315-->src\main\AndroidManifest.xml:100:17-63
316                android:value="tipsystem.tips.ManageBaljuDetailActivity" />
316-->src\main\AndroidManifest.xml:101:17-60
317        </activity> <!-- **************************************** -->
318        <!-- 행사관리 페이지 -->
319        <!-- **************************************** -->
320        <activity
320-->src\main\AndroidManifest.xml:316:9-323:20
321            android:name="tipsystem.tips.ManageEventListActivity"
321-->src\main\AndroidManifest.xml:317:13-66
322            android:label="행사관리"
322-->src\main\AndroidManifest.xml:318:13-33
323            android:screenOrientation="portrait" >
323-->src\main\AndroidManifest.xml:319:13-49
324            <meta-data
324-->src\main\AndroidManifest.xml:99:13-101:63
325                android:name="android.support.PARENT_ACTIVITY"
325-->src\main\AndroidManifest.xml:100:17-63
326                android:value="tipsystem.tips.MainMenuActivity" />
326-->src\main\AndroidManifest.xml:101:17-60
327        </activity> <!-- **************************************** -->
328        <!-- 도매등록 견적서 관리 -->
329        <!-- **************************************** -->
330        <activity
330-->src\main\AndroidManifest.xml:326:9-330:63
331            android:name="tipsystem.tips.SaleCallHomeManager"
331-->src\main\AndroidManifest.xml:327:13-62
332            android:label="@string/title_activity_homemanager"
332-->src\main\AndroidManifest.xml:328:13-63
333            android:screenOrientation="portrait"
333-->src\main\AndroidManifest.xml:329:13-49
334            android:windowSoftInputMode="stateAlwaysHidden" />
334-->src\main\AndroidManifest.xml:330:13-60
335        <activity
335-->src\main\AndroidManifest.xml:331:9-334:52
336            android:name="tipsystem.tips.ManageDomeSaleCallActivity"
336-->src\main\AndroidManifest.xml:332:13-69
337            android:label="도매관리(견적서)"
337-->src\main\AndroidManifest.xml:333:13-38
338            android:screenOrientation="portrait" />
338-->src\main\AndroidManifest.xml:334:13-49
339        <activity
339-->src\main\AndroidManifest.xml:335:9-339:74
340            android:name="tipsystem.tips.ManageDomeSaleRegActivity"
340-->src\main\AndroidManifest.xml:336:13-68
341            android:label="출고등록관리"
341-->src\main\AndroidManifest.xml:337:13-35